<?xml version="1.0" encoding="UTF-8"?>
<testsuite xmlns:xsi="http://www.w3.org/2001/XMLSchema-instance" xsi:noNamespaceSchemaLocation="https://maven.apache.org/surefire/maven-surefire-plugin/xsd/surefire-test-report-3.0.xsd" version="3.0" name="com.brandao.performance.PerformanceApplicationTests" time="2.429" tests="1" errors="0" skipped="0" failures="0">
  <properties>
    <property name="java.specification.version" value="17"/>
    <property name="sun.jnu.encoding" value="UTF-8"/>
    <property name="java.class.path" value="/Users/gbrandao/Documents/projects/pocs/performance/springboot-performance-test/target/test-classes:/Users/gbrandao/Documents/projects/pocs/performance/springboot-performance-test/target/classes:/Users/gbrandao/.m2/repository/org/springframework/boot/spring-boot-starter-web/3.2.1/spring-boot-starter-web-3.2.1.jar:/Users/gbrandao/.m2/repository/org/springframework/boot/spring-boot-starter/3.2.1/spring-boot-starter-3.2.1.jar:/Users/gbrandao/.m2/repository/org/springframework/boot/spring-boot/3.2.1/spring-boot-3.2.1.jar:/Users/gbrandao/.m2/repository/org/springframework/boot/spring-boot-autoconfigure/3.2.1/spring-boot-autoconfigure-3.2.1.jar:/Users/gbrandao/.m2/repository/org/springframework/boot/spring-boot-starter-logging/3.2.1/spring-boot-starter-logging-3.2.1.jar:/Users/gbrandao/.m2/repository/ch/qos/logback/logback-classic/1.4.14/logback-classic-1.4.14.jar:/Users/gbrandao/.m2/repository/ch/qos/logback/logback-core/1.4.14/logback-core-1.4.14.jar:/Users/gbrandao/.m2/repository/org/apache/logging/log4j/log4j-to-slf4j/2.21.1/log4j-to-slf4j-2.21.1.jar:/Users/gbrandao/.m2/repository/org/apache/logging/log4j/log4j-api/2.21.1/log4j-api-2.21.1.jar:/Users/gbrandao/.m2/repository/org/slf4j/jul-to-slf4j/2.0.9/jul-to-slf4j-2.0.9.jar:/Users/gbrandao/.m2/repository/jakarta/annotation/jakarta.annotation-api/2.1.1/jakarta.annotation-api-2.1.1.jar:/Users/gbrandao/.m2/repository/org/yaml/snakeyaml/2.2/snakeyaml-2.2.jar:/Users/gbrandao/.m2/repository/org/springframework/boot/spring-boot-starter-json/3.2.1/spring-boot-starter-json-3.2.1.jar:/Users/gbrandao/.m2/repository/com/fasterxml/jackson/core/jackson-databind/2.15.3/jackson-databind-2.15.3.jar:/Users/gbrandao/.m2/repository/com/fasterxml/jackson/core/jackson-annotations/2.15.3/jackson-annotations-2.15.3.jar:/Users/gbrandao/.m2/repository/com/fasterxml/jackson/core/jackson-core/2.15.3/jackson-core-2.15.3.jar:/Users/gbrandao/.m2/repository/com/fasterxml/jackson/datatype/jackson-datatype-jdk8/2.15.3/jackson-datatype-jdk8-2.15.3.jar:/Users/gbrandao/.m2/repository/com/fasterxml/jackson/datatype/jackson-datatype-jsr310/2.15.3/jackson-datatype-jsr310-2.15.3.jar:/Users/gbrandao/.m2/repository/com/fasterxml/jackson/module/jackson-module-parameter-names/2.15.3/jackson-module-parameter-names-2.15.3.jar:/Users/gbrandao/.m2/repository/org/springframework/boot/spring-boot-starter-tomcat/3.2.1/spring-boot-starter-tomcat-3.2.1.jar:/Users/gbrandao/.m2/repository/org/apache/tomcat/embed/tomcat-embed-core/10.1.17/tomcat-embed-core-10.1.17.jar:/Users/gbrandao/.m2/repository/org/apache/tomcat/embed/tomcat-embed-el/10.1.17/tomcat-embed-el-10.1.17.jar:/Users/gbrandao/.m2/repository/org/apache/tomcat/embed/tomcat-embed-websocket/10.1.17/tomcat-embed-websocket-10.1.17.jar:/Users/gbrandao/.m2/repository/org/springframework/spring-web/6.1.2/spring-web-6.1.2.jar:/Users/gbrandao/.m2/repository/org/springframework/spring-beans/6.1.2/spring-beans-6.1.2.jar:/Users/gbrandao/.m2/repository/io/micrometer/micrometer-observation/1.12.1/micrometer-observation-1.12.1.jar:/Users/gbrandao/.m2/repository/io/micrometer/micrometer-commons/1.12.1/micrometer-commons-1.12.1.jar:/Users/gbrandao/.m2/repository/org/springframework/spring-webmvc/6.1.2/spring-webmvc-6.1.2.jar:/Users/gbrandao/.m2/repository/org/springframework/spring-aop/6.1.2/spring-aop-6.1.2.jar:/Users/gbrandao/.m2/repository/org/springframework/spring-context/6.1.2/spring-context-6.1.2.jar:/Users/gbrandao/.m2/repository/org/springframework/spring-expression/6.1.2/spring-expression-6.1.2.jar:/Users/gbrandao/.m2/repository/org/springframework/cloud/spring-cloud-starter-openfeign/4.1.0/spring-cloud-starter-openfeign-4.1.0.jar:/Users/gbrandao/.m2/repository/org/springframework/cloud/spring-cloud-starter/4.1.0/spring-cloud-starter-4.1.0.jar:/Users/gbrandao/.m2/repository/org/springframework/cloud/spring-cloud-context/4.1.0/spring-cloud-context-4.1.0.jar:/Users/gbrandao/.m2/repository/org/springframework/security/spring-security-rsa/1.1.1/spring-security-rsa-1.1.1.jar:/Users/gbrandao/.m2/repository/org/bouncycastle/bcprov-jdk18on/1.74/bcprov-jdk18on-1.74.jar:/Users/gbrandao/.m2/repository/org/springframework/cloud/spring-cloud-openfeign-core/4.1.0/spring-cloud-openfeign-core-4.1.0.jar:/Users/gbrandao/.m2/repository/org/springframework/boot/spring-boot-starter-aop/3.2.1/spring-boot-starter-aop-3.2.1.jar:/Users/gbrandao/.m2/repository/org/aspectj/aspectjweaver/1.9.21/aspectjweaver-1.9.21.jar:/Users/gbrandao/.m2/repository/io/github/openfeign/form/feign-form-spring/3.8.0/feign-form-spring-3.8.0.jar:/Users/gbrandao/.m2/repository/io/github/openfeign/form/feign-form/3.8.0/feign-form-3.8.0.jar:/Users/gbrandao/.m2/repository/commons-fileupload/commons-fileupload/1.5/commons-fileupload-1.5.jar:/Users/gbrandao/.m2/repository/commons-io/commons-io/2.11.0/commons-io-2.11.0.jar:/Users/gbrandao/.m2/repository/org/springframework/cloud/spring-cloud-commons/4.1.0/spring-cloud-commons-4.1.0.jar:/Users/gbrandao/.m2/repository/org/springframework/security/spring-security-crypto/6.2.1/spring-security-crypto-6.2.1.jar:/Users/gbrandao/.m2/repository/io/github/openfeign/feign-core/13.1/feign-core-13.1.jar:/Users/gbrandao/.m2/repository/io/github/openfeign/feign-slf4j/13.1/feign-slf4j-13.1.jar:/Users/gbrandao/.m2/repository/org/slf4j/slf4j-api/2.0.9/slf4j-api-2.0.9.jar:/Users/gbrandao/.m2/repository/org/mapstruct/mapstruct/1.5.5.Final/mapstruct-1.5.5.Final.jar:/Users/gbrandao/.m2/repository/org/mapstruct/mapstruct-processor/1.5.5.Final/mapstruct-processor-1.5.5.Final.jar:/Users/gbrandao/.m2/repository/org/springframework/boot/spring-boot-starter-test/3.2.1/spring-boot-starter-test-3.2.1.jar:/Users/gbrandao/.m2/repository/org/springframework/boot/spring-boot-test/3.2.1/spring-boot-test-3.2.1.jar:/Users/gbrandao/.m2/repository/org/springframework/boot/spring-boot-test-autoconfigure/3.2.1/spring-boot-test-autoconfigure-3.2.1.jar:/Users/gbrandao/.m2/repository/com/jayway/jsonpath/json-path/2.8.0/json-path-2.8.0.jar:/Users/gbrandao/.m2/repository/jakarta/xml/bind/jakarta.xml.bind-api/4.0.1/jakarta.xml.bind-api-4.0.1.jar:/Users/gbrandao/.m2/repository/jakarta/activation/jakarta.activation-api/2.1.2/jakarta.activation-api-2.1.2.jar:/Users/gbrandao/.m2/repository/net/minidev/json-smart/2.5.0/json-smart-2.5.0.jar:/Users/gbrandao/.m2/repository/net/minidev/accessors-smart/2.5.0/accessors-smart-2.5.0.jar:/Users/gbrandao/.m2/repository/org/ow2/asm/asm/9.3/asm-9.3.jar:/Users/gbrandao/.m2/repository/org/assertj/assertj-core/3.24.2/assertj-core-3.24.2.jar:/Users/gbrandao/.m2/repository/net/bytebuddy/byte-buddy/1.14.10/byte-buddy-1.14.10.jar:/Users/gbrandao/.m2/repository/org/awaitility/awaitility/4.2.0/awaitility-4.2.0.jar:/Users/gbrandao/.m2/repository/org/hamcrest/hamcrest/2.2/hamcrest-2.2.jar:/Users/gbrandao/.m2/repository/org/junit/jupiter/junit-jupiter/5.10.1/junit-jupiter-5.10.1.jar:/Users/gbrandao/.m2/repository/org/junit/jupiter/junit-jupiter-api/5.10.1/junit-jupiter-api-5.10.1.jar:/Users/gbrandao/.m2/repository/org/opentest4j/opentest4j/1.3.0/opentest4j-1.3.0.jar:/Users/gbrandao/.m2/repository/org/junit/platform/junit-platform-commons/1.10.1/junit-platform-commons-1.10.1.jar:/Users/gbrandao/.m2/repository/org/apiguardian/apiguardian-api/1.1.2/apiguardian-api-1.1.2.jar:/Users/gbrandao/.m2/repository/org/junit/jupiter/junit-jupiter-params/5.10.1/junit-jupiter-params-5.10.1.jar:/Users/gbrandao/.m2/repository/org/junit/jupiter/junit-jupiter-engine/5.10.1/junit-jupiter-engine-5.10.1.jar:/Users/gbrandao/.m2/repository/org/junit/platform/junit-platform-engine/1.10.1/junit-platform-engine-1.10.1.jar:/Users/gbrandao/.m2/repository/org/mockito/mockito-core/5.7.0/mockito-core-5.7.0.jar:/Users/gbrandao/.m2/repository/net/bytebuddy/byte-buddy-agent/1.14.10/byte-buddy-agent-1.14.10.jar:/Users/gbrandao/.m2/repository/org/objenesis/objenesis/3.3/objenesis-3.3.jar:/Users/gbrandao/.m2/repository/org/mockito/mockito-junit-jupiter/5.7.0/mockito-junit-jupiter-5.7.0.jar:/Users/gbrandao/.m2/repository/org/skyscreamer/jsonassert/1.5.1/jsonassert-1.5.1.jar:/Users/gbrandao/.m2/repository/com/vaadin/external/google/android-json/0.0.20131108.vaadin1/android-json-0.0.20131108.vaadin1.jar:/Users/gbrandao/.m2/repository/org/springframework/spring-core/6.1.2/spring-core-6.1.2.jar:/Users/gbrandao/.m2/repository/org/springframework/spring-jcl/6.1.2/spring-jcl-6.1.2.jar:/Users/gbrandao/.m2/repository/org/springframework/spring-test/6.1.2/spring-test-6.1.2.jar:/Users/gbrandao/.m2/repository/org/xmlunit/xmlunit-core/2.9.1/xmlunit-core-2.9.1.jar:"/>
    <property name="java.vm.vendor" value="Oracle Corporation"/>
    <property name="sun.arch.data.model" value="64"/>
    <property name="java.vendor.url" value="https://java.oracle.com/"/>
    <property name="user.timezone" value="America/Sao_Paulo"/>
    <property name="os.name" value="Mac OS X"/>
    <property name="java.vm.specification.version" value="17"/>
    <property name="sun.java.launcher" value="SUN_STANDARD"/>
    <property name="user.country" value="BR"/>
    <property name="sun.boot.library.path" value="/Library/Java/JavaVirtualMachines/jdk-17.jdk/Contents/Home/lib"/>
    <property name="sun.java.command" value="/Users/gbrandao/Documents/projects/pocs/performance/springboot-performance-test/target/surefire/surefirebooter-20240110203013771_3.jar /Users/gbrandao/Documents/projects/pocs/performance/springboot-performance-test/target/surefire 2024-01-10T20-30-13_655-jvmRun1 surefire-20240110203013771_1tmp surefire_0-20240110203013771_2tmp"/>
    <property name="http.nonProxyHosts" value="local|*.local|169.254/16|*.169.254/16"/>
    <property name="jdk.debug" value="release"/>
    <property name="surefire.test.class.path" value="/Users/gbrandao/Documents/projects/pocs/performance/springboot-performance-test/target/test-classes:/Users/gbrandao/Documents/projects/pocs/performance/springboot-performance-test/target/classes:/Users/gbrandao/.m2/repository/org/springframework/boot/spring-boot-starter-web/3.2.1/spring-boot-starter-web-3.2.1.jar:/Users/gbrandao/.m2/repository/org/springframework/boot/spring-boot-starter/3.2.1/spring-boot-starter-3.2.1.jar:/Users/gbrandao/.m2/repository/org/springframework/boot/spring-boot/3.2.1/spring-boot-3.2.1.jar:/Users/gbrandao/.m2/repository/org/springframework/boot/spring-boot-autoconfigure/3.2.1/spring-boot-autoconfigure-3.2.1.jar:/Users/gbrandao/.m2/repository/org/springframework/boot/spring-boot-starter-logging/3.2.1/spring-boot-starter-logging-3.2.1.jar:/Users/gbrandao/.m2/repository/ch/qos/logback/logback-classic/1.4.14/logback-classic-1.4.14.jar:/Users/gbrandao/.m2/repository/ch/qos/logback/logback-core/1.4.14/logback-core-1.4.14.jar:/Users/gbrandao/.m2/repository/org/apache/logging/log4j/log4j-to-slf4j/2.21.1/log4j-to-slf4j-2.21.1.jar:/Users/gbrandao/.m2/repository/org/apache/logging/log4j/log4j-api/2.21.1/log4j-api-2.21.1.jar:/Users/gbrandao/.m2/repository/org/slf4j/jul-to-slf4j/2.0.9/jul-to-slf4j-2.0.9.jar:/Users/gbrandao/.m2/repository/jakarta/annotation/jakarta.annotation-api/2.1.1/jakarta.annotation-api-2.1.1.jar:/Users/gbrandao/.m2/repository/org/yaml/snakeyaml/2.2/snakeyaml-2.2.jar:/Users/gbrandao/.m2/repository/org/springframework/boot/spring-boot-starter-json/3.2.1/spring-boot-starter-json-3.2.1.jar:/Users/gbrandao/.m2/repository/com/fasterxml/jackson/core/jackson-databind/2.15.3/jackson-databind-2.15.3.jar:/Users/gbrandao/.m2/repository/com/fasterxml/jackson/core/jackson-annotations/2.15.3/jackson-annotations-2.15.3.jar:/Users/gbrandao/.m2/repository/com/fasterxml/jackson/core/jackson-core/2.15.3/jackson-core-2.15.3.jar:/Users/gbrandao/.m2/repository/com/fasterxml/jackson/datatype/jackson-datatype-jdk8/2.15.3/jackson-datatype-jdk8-2.15.3.jar:/Users/gbrandao/.m2/repository/com/fasterxml/jackson/datatype/jackson-datatype-jsr310/2.15.3/jackson-datatype-jsr310-2.15.3.jar:/Users/gbrandao/.m2/repository/com/fasterxml/jackson/module/jackson-module-parameter-names/2.15.3/jackson-module-parameter-names-2.15.3.jar:/Users/gbrandao/.m2/repository/org/springframework/boot/spring-boot-starter-tomcat/3.2.1/spring-boot-starter-tomcat-3.2.1.jar:/Users/gbrandao/.m2/repository/org/apache/tomcat/embed/tomcat-embed-core/10.1.17/tomcat-embed-core-10.1.17.jar:/Users/gbrandao/.m2/repository/org/apache/tomcat/embed/tomcat-embed-el/10.1.17/tomcat-embed-el-10.1.17.jar:/Users/gbrandao/.m2/repository/org/apache/tomcat/embed/tomcat-embed-websocket/10.1.17/tomcat-embed-websocket-10.1.17.jar:/Users/gbrandao/.m2/repository/org/springframework/spring-web/6.1.2/spring-web-6.1.2.jar:/Users/gbrandao/.m2/repository/org/springframework/spring-beans/6.1.2/spring-beans-6.1.2.jar:/Users/gbrandao/.m2/repository/io/micrometer/micrometer-observation/1.12.1/micrometer-observation-1.12.1.jar:/Users/gbrandao/.m2/repository/io/micrometer/micrometer-commons/1.12.1/micrometer-commons-1.12.1.jar:/Users/gbrandao/.m2/repository/org/springframework/spring-webmvc/6.1.2/spring-webmvc-6.1.2.jar:/Users/gbrandao/.m2/repository/org/springframework/spring-aop/6.1.2/spring-aop-6.1.2.jar:/Users/gbrandao/.m2/repository/org/springframework/spring-context/6.1.2/spring-context-6.1.2.jar:/Users/gbrandao/.m2/repository/org/springframework/spring-expression/6.1.2/spring-expression-6.1.2.jar:/Users/gbrandao/.m2/repository/org/springframework/cloud/spring-cloud-starter-openfeign/4.1.0/spring-cloud-starter-openfeign-4.1.0.jar:/Users/gbrandao/.m2/repository/org/springframework/cloud/spring-cloud-starter/4.1.0/spring-cloud-starter-4.1.0.jar:/Users/gbrandao/.m2/repository/org/springframework/cloud/spring-cloud-context/4.1.0/spring-cloud-context-4.1.0.jar:/Users/gbrandao/.m2/repository/org/springframework/security/spring-security-rsa/1.1.1/spring-security-rsa-1.1.1.jar:/Users/gbrandao/.m2/repository/org/bouncycastle/bcprov-jdk18on/1.74/bcprov-jdk18on-1.74.jar:/Users/gbrandao/.m2/repository/org/springframework/cloud/spring-cloud-openfeign-core/4.1.0/spring-cloud-openfeign-core-4.1.0.jar:/Users/gbrandao/.m2/repository/org/springframework/boot/spring-boot-starter-aop/3.2.1/spring-boot-starter-aop-3.2.1.jar:/Users/gbrandao/.m2/repository/org/aspectj/aspectjweaver/1.9.21/aspectjweaver-1.9.21.jar:/Users/gbrandao/.m2/repository/io/github/openfeign/form/feign-form-spring/3.8.0/feign-form-spring-3.8.0.jar:/Users/gbrandao/.m2/repository/io/github/openfeign/form/feign-form/3.8.0/feign-form-3.8.0.jar:/Users/gbrandao/.m2/repository/commons-fileupload/commons-fileupload/1.5/commons-fileupload-1.5.jar:/Users/gbrandao/.m2/repository/commons-io/commons-io/2.11.0/commons-io-2.11.0.jar:/Users/gbrandao/.m2/repository/org/springframework/cloud/spring-cloud-commons/4.1.0/spring-cloud-commons-4.1.0.jar:/Users/gbrandao/.m2/repository/org/springframework/security/spring-security-crypto/6.2.1/spring-security-crypto-6.2.1.jar:/Users/gbrandao/.m2/repository/io/github/openfeign/feign-core/13.1/feign-core-13.1.jar:/Users/gbrandao/.m2/repository/io/github/openfeign/feign-slf4j/13.1/feign-slf4j-13.1.jar:/Users/gbrandao/.m2/repository/org/slf4j/slf4j-api/2.0.9/slf4j-api-2.0.9.jar:/Users/gbrandao/.m2/repository/org/mapstruct/mapstruct/1.5.5.Final/mapstruct-1.5.5.Final.jar:/Users/gbrandao/.m2/repository/org/mapstruct/mapstruct-processor/1.5.5.Final/mapstruct-processor-1.5.5.Final.jar:/Users/gbrandao/.m2/repository/org/springframework/boot/spring-boot-starter-test/3.2.1/spring-boot-starter-test-3.2.1.jar:/Users/gbrandao/.m2/repository/org/springframework/boot/spring-boot-test/3.2.1/spring-boot-test-3.2.1.jar:/Users/gbrandao/.m2/repository/org/springframework/boot/spring-boot-test-autoconfigure/3.2.1/spring-boot-test-autoconfigure-3.2.1.jar:/Users/gbrandao/.m2/repository/com/jayway/jsonpath/json-path/2.8.0/json-path-2.8.0.jar:/Users/gbrandao/.m2/repository/jakarta/xml/bind/jakarta.xml.bind-api/4.0.1/jakarta.xml.bind-api-4.0.1.jar:/Users/gbrandao/.m2/repository/jakarta/activation/jakarta.activation-api/2.1.2/jakarta.activation-api-2.1.2.jar:/Users/gbrandao/.m2/repository/net/minidev/json-smart/2.5.0/json-smart-2.5.0.jar:/Users/gbrandao/.m2/repository/net/minidev/accessors-smart/2.5.0/accessors-smart-2.5.0.jar:/Users/gbrandao/.m2/repository/org/ow2/asm/asm/9.3/asm-9.3.jar:/Users/gbrandao/.m2/repository/org/assertj/assertj-core/3.24.2/assertj-core-3.24.2.jar:/Users/gbrandao/.m2/repository/net/bytebuddy/byte-buddy/1.14.10/byte-buddy-1.14.10.jar:/Users/gbrandao/.m2/repository/org/awaitility/awaitility/4.2.0/awaitility-4.2.0.jar:/Users/gbrandao/.m2/repository/org/hamcrest/hamcrest/2.2/hamcrest-2.2.jar:/Users/gbrandao/.m2/repository/org/junit/jupiter/junit-jupiter/5.10.1/junit-jupiter-5.10.1.jar:/Users/gbrandao/.m2/repository/org/junit/jupiter/junit-jupiter-api/5.10.1/junit-jupiter-api-5.10.1.jar:/Users/gbrandao/.m2/repository/org/opentest4j/opentest4j/1.3.0/opentest4j-1.3.0.jar:/Users/gbrandao/.m2/repository/org/junit/platform/junit-platform-commons/1.10.1/junit-platform-commons-1.10.1.jar:/Users/gbrandao/.m2/repository/org/apiguardian/apiguardian-api/1.1.2/apiguardian-api-1.1.2.jar:/Users/gbrandao/.m2/repository/org/junit/jupiter/junit-jupiter-params/5.10.1/junit-jupiter-params-5.10.1.jar:/Users/gbrandao/.m2/repository/org/junit/jupiter/junit-jupiter-engine/5.10.1/junit-jupiter-engine-5.10.1.jar:/Users/gbrandao/.m2/repository/org/junit/platform/junit-platform-engine/1.10.1/junit-platform-engine-1.10.1.jar:/Users/gbrandao/.m2/repository/org/mockito/mockito-core/5.7.0/mockito-core-5.7.0.jar:/Users/gbrandao/.m2/repository/net/bytebuddy/byte-buddy-agent/1.14.10/byte-buddy-agent-1.14.10.jar:/Users/gbrandao/.m2/repository/org/objenesis/objenesis/3.3/objenesis-3.3.jar:/Users/gbrandao/.m2/repository/org/mockito/mockito-junit-jupiter/5.7.0/mockito-junit-jupiter-5.7.0.jar:/Users/gbrandao/.m2/repository/org/skyscreamer/jsonassert/1.5.1/jsonassert-1.5.1.jar:/Users/gbrandao/.m2/repository/com/vaadin/external/google/android-json/0.0.20131108.vaadin1/android-json-0.0.20131108.vaadin1.jar:/Users/gbrandao/.m2/repository/org/springframework/spring-core/6.1.2/spring-core-6.1.2.jar:/Users/gbrandao/.m2/repository/org/springframework/spring-jcl/6.1.2/spring-jcl-6.1.2.jar:/Users/gbrandao/.m2/repository/org/springframework/spring-test/6.1.2/spring-test-6.1.2.jar:/Users/gbrandao/.m2/repository/org/xmlunit/xmlunit-core/2.9.1/xmlunit-core-2.9.1.jar:"/>
    <property name="sun.cpu.endian" value="little"/>
    <property name="user.home" value="/Users/gbrandao"/>
    <property name="user.language" value="pt"/>
    <property name="java.specification.vendor" value="Oracle Corporation"/>
    <property name="java.version.date" value="2023-04-18"/>
    <property name="java.home" value="/Library/Java/JavaVirtualMachines/jdk-17.jdk/Contents/Home"/>
    <property name="file.separator" value="/"/>
    <property name="basedir" value="/Users/gbrandao/Documents/projects/pocs/performance/springboot-performance-test"/>
    <property name="java.vm.compressedOopsMode" value="Zero based"/>
    <property name="line.separator" value="&#10;"/>
    <property name="java.vm.specification.vendor" value="Oracle Corporation"/>
    <property name="java.specification.name" value="Java Platform API Specification"/>
    <property name="FILE_LOG_CHARSET" value="UTF-8"/>
    <property name="java.awt.headless" value="true"/>
    <property name="surefire.real.class.path" value="/Users/gbrandao/Documents/projects/pocs/performance/springboot-performance-test/target/surefire/surefirebooter-20240110203013771_3.jar"/>
    <property name="sun.management.compiler" value="HotSpot 64-Bit Tiered Compilers"/>
    <property name="ftp.nonProxyHosts" value="local|*.local|169.254/16|*.169.254/16"/>
    <property name="java.runtime.version" value="17.0.7+8-LTS-224"/>
    <property name="user.name" value="gbrandao"/>
    <property name="path.separator" value=":"/>
    <property name="os.version" value="13.6"/>
    <property name="java.runtime.name" value="Java(TM) SE Runtime Environment"/>
    <property name="file.encoding" value="UTF-8"/>
    <property name="java.vm.name" value="Java HotSpot(TM) 64-Bit Server VM"/>
    <property name="localRepository" value="/Users/gbrandao/.m2/repository"/>
    <property name="java.vendor.url.bug" value="https://bugreport.java.com/bugreport/"/>
    <property name="java.io.tmpdir" value="/var/folders/56/nzj8k9_n4h9bhkc5wds1byprmtqy52/T/"/>
    <property name="java.version" value="17.0.7"/>
    <property name="user.dir" value="/Users/gbrandao/Documents/projects/pocs/performance/springboot-performance-test"/>
    <property name="os.arch" value="x86_64"/>
    <property name="java.vm.specification.name" value="Java Virtual Machine Specification"/>
    <property name="PID" value="9091"/>
    <property name="CONSOLE_LOG_CHARSET" value="UTF-8"/>
    <property name="native.encoding" value="UTF-8"/>
    <property name="java.library.path" value="/Users/gbrandao/Library/Java/Extensions:/Library/Java/Extensions:/Network/Library/Java/Extensions:/System/Library/Java/Extensions:/usr/lib/java:."/>
    <property name="java.vm.info" value="mixed mode, sharing"/>
    <property name="java.vendor" value="Oracle Corporation"/>
    <property name="java.vm.version" value="17.0.7+8-LTS-224"/>
    <property name="sun.io.unicode.encoding" value="UnicodeBig"/>
    <property name="socksNonProxyHosts" value="local|*.local|169.254/16|*.169.254/16"/>
    <property name="java.class.version" value="61.0"/>
  </properties>
  <testcase name="contextLoads" classname="com.brandao.performance.PerformanceApplicationTests" time="0.717">
    <system-out><![CDATA[20:30:14.478 [main] INFO org.springframework.test.context.support.AnnotationConfigContextLoaderUtils -- Could not detect default configuration classes for test class [com.brandao.performance.PerformanceApplicationTests]: PerformanceApplicationTests does not declare any static, non-private, non-final, nested classes annotated with @Configuration.
20:30:14.556 [main] INFO org.springframework.boot.test.context.SpringBootTestContextBootstrapper -- Found @SpringBootConfiguration com.brandao.performance.PerformanceApplication for test class com.brandao.performance.PerformanceApplicationTests

  .   ____          _            __ _ _
 /\\ / ___'_ __ _ _(_)_ __  __ _ \ \ \ \
( ( )\___ | '_ | '_| | '_ \/ _` | \ \ \ \
 \\/  ___)| |_)| | | | | || (_| |  ) ) ) )
  '  |____| .__|_| |_|_| |_\__, | / / / /
 =========|_|==============|___/=/_/_/_/
 :: Spring Boot ::                (v3.2.1)

2024-01-10T20:30:14.908-03:00  INFO 9091 --- [           main] c.b.p.PerformanceApplicationTests        : Starting PerformanceApplicationTests using Java 17.0.7 with PID 9091 (started by gbrandao in /Users/gbrandao/Documents/projects/pocs/performance/springboot-performance-test)
2024-01-10T20:30:14.909-03:00  INFO 9091 --- [           main] c.b.p.PerformanceApplicationTests        : No active profile set, falling back to 1 default profile: "default"
2024-01-10T20:30:15.501-03:00  INFO 9091 --- [           main] o.s.cloud.context.scope.GenericScope     : BeanFactory id=d611e88a-5a44-34c4-8e03-f10f80c877f4
2024-01-10T20:30:16.033-03:00  INFO 9091 --- [           main] c.b.p.PerformanceApplicationTests        : Started PerformanceApplicationTests in 1.375 seconds (process running for 2.139)
]]></system-out>
  </testcase>
</testsuite>